[debug] [2018-06-15T15:53:48.644Z] ----------------------------------------------------------------------
[debug] [2018-06-15T15:53:48.647Z] Command:       /Users/s2d2/.nvm/versions/node/v6.11.1/bin/node /Users/s2d2/.nvm/versions/node/v6.11.1/bin/firebase deploy
[debug] [2018-06-15T15:53:48.648Z] CLI Version:   3.10.1
[debug] [2018-06-15T15:53:48.648Z] Platform:      darwin
[debug] [2018-06-15T15:53:48.648Z] Node Version:  v6.11.1
[debug] [2018-06-15T15:53:48.649Z] Time:          Fri Jun 15 2018 11:53:48 GMT-0400 (-04)
[debug] [2018-06-15T15:53:48.650Z] ----------------------------------------------------------------------
[debug] 
[debug] [2018-06-15T15:53:48.671Z] > command requires scopes: ["email","openid","https://www.googleapis.com/auth/cloudplatformprojects.readonly","https://www.googleapis.com/auth/firebase","https://www.googleapis.com/auth/cloud-platform"]
[debug] [2018-06-15T15:53:48.672Z] > authorizing via signed-in user
[debug] [2018-06-15T15:53:48.674Z] >>> HTTP REQUEST GET https://admin.firebase.com/v1/projects/sktv-6e124  
 Fri Jun 15 2018 11:53:48 GMT-0400 (-04)
[debug] [2018-06-15T15:53:50.048Z] <<< HTTP RESPONSE 200
[debug] [2018-06-15T15:53:50.050Z] >>> HTTP REQUEST GET https://admin.firebase.com/v1/database/sktv-6e124/tokens  
 Fri Jun 15 2018 11:53:50 GMT-0400 (-04)
[debug] [2018-06-15T15:53:50.801Z] <<< HTTP RESPONSE 200
[info] 
[info] === Deploying to 'sktv-6e124'...
[info] 
[info] i  deploying hosting
[info] i  hosting: preparing build directory for upload...
[debug] [2018-06-15T15:53:54.608Z] >>> HTTP REQUEST PUT https://deploy.firebase.com/v1/hosting/sktv-6e124/uploads/-LF38mOBiZpMsqWNdh2b?fileCount=167&message=  
 Fri Jun 15 2018 11:53:54 GMT-0400 (-04)
[debug] [2018-06-15T15:57:36.994Z] Error: write EPIPE
    at exports._errnoException (util.js:1018:11)
    at WriteWrap.afterWrite (net.js:800:14)
[error] 
[error] Error: Server Error. write EPIPE
